Library/Bee/Android/Prj/IL2CPP/Gradle/unityLibrary/build/intermediates/manifest_merge_blame_file/release/manifest-merger-blame-release-report.txt
1<?xml version="1.0" encoding="utf-8"?>
2<manifest xmlns:android="http://schemas.android.com/apk/res/android"
3    xmlns:tools="http://schemas.android.com/tools"
4    package="com.unity3d.player" >
5
6    <uses-sdk
7        android:minSdkVersion="23"
7-->src\main\AndroidManifest.xml
8        android:targetSdkVersion="33" />
8-->src\main\AndroidManifest.xml
9
10    <uses-feature android:glEsVersion="0x00030000" />
10-->src\main\AndroidManifest.xml:3:3-52
10-->src\main\AndroidManifest.xml:3:17-49
11    <uses-feature
11-->src\main\AndroidManifest.xml:4:3-91
12        android:name="android.hardware.vulkan.version"
12-->src\main\AndroidManifest.xml:4:17-63
13        android:required="false" />
13-->src\main\AndroidManifest.xml:4:64-88
14    <uses-feature
14-->src\main\AndroidManifest.xml:5:3-88
15        android:name="android.hardware.touchscreen"
15-->src\main\AndroidManifest.xml:5:17-60
16        android:required="false" />
16-->src\main\AndroidManifest.xml:5:61-85
17    <uses-feature
17-->src\main\AndroidManifest.xml:6:3-99
18        android:name="android.hardware.touchscreen.multitouch"
18-->src\main\AndroidManifest.xml:6:17-71
19        android:required="false" />
19-->src\main\AndroidManifest.xml:6:72-96
20    <uses-feature
20-->src\main\AndroidManifest.xml:7:3-108
21        android:name="android.hardware.touchscreen.multitouch.distinct"
21-->src\main\AndroidManifest.xml:7:17-80
22        android:required="false" />
22-->src\main\AndroidManifest.xml:7:81-105
23
24    <application android:extractNativeLibs="true" >
24-->src\main\AndroidManifest.xml:8:3-24:17
24-->src\main\AndroidManifest.xml:8:16-48
25        <meta-data
25-->src\main\AndroidManifest.xml:9:5-69
26            android:name="unity.splash-mode"
26-->src\main\AndroidManifest.xml:9:16-48
27            android:value="0" />
27-->src\main\AndroidManifest.xml:9:49-66
28        <meta-data
28-->src\main\AndroidManifest.xml:10:5-74
29            android:name="unity.splash-enable"
29-->src\main\AndroidManifest.xml:10:16-50
30            android:value="True" />
30-->src\main\AndroidManifest.xml:10:51-71
31        <meta-data
31-->src\main\AndroidManifest.xml:11:5-78
32            android:name="unity.launch-fullscreen"
32-->src\main\AndroidManifest.xml:11:16-54
33            android:value="True" />
33-->src\main\AndroidManifest.xml:11:55-75
34        <meta-data
34-->src\main\AndroidManifest.xml:12:5-81
35            android:name="notch.config"
35-->src\main\AndroidManifest.xml:12:16-43
36            android:value="portrait|landscape" />
36-->src\main\AndroidManifest.xml:12:44-78
37        <meta-data
37-->src\main\AndroidManifest.xml:13:5-84
38            android:name="unity.auto-report-fully-drawn"
38-->src\main\AndroidManifest.xml:13:16-60
39            android:value="true" />
39-->src\main\AndroidManifest.xml:13:61-81
40        <meta-data
40-->src\main\AndroidManifest.xml:14:5-78
41            android:name="unity.strip-engine-code"
41-->src\main\AndroidManifest.xml:14:16-54
42            android:value="true" />
42-->src\main\AndroidManifest.xml:14:55-75
43
44        <activity
44-->src\main\AndroidManifest.xml:15:5-23:16
45            android:name="com.unity3d.player.UnityPlayerGameActivity"
45-->src\main\AndroidManifest.xml:15:312-369
46            android:configChanges="mcc|mnc|locale|touchscreen|keyboard|keyboardHidden|navigation|orientation|screenLayout|uiMode|screenSize|smallestScreenSize|fontScale|layoutDirection|density"
46-->src\main\AndroidManifest.xml:15:15-196
47            android:enabled="true"
47-->src\main\AndroidManifest.xml:15:197-219
48            android:exported="true"
48-->src\main\AndroidManifest.xml:15:220-243
49            android:hardwareAccelerated="false"
49-->src\main\AndroidManifest.xml:15:244-279
50            android:launchMode="singleTask"
50-->src\main\AndroidManifest.xml:15:280-311
51            android:resizeableActivity="false"
51-->src\main\AndroidManifest.xml:15:370-404
52            android:screenOrientation="userLandscape"
52-->src\main\AndroidManifest.xml:15:405-446
53            android:theme="@style/BaseUnityGameActivityTheme" >
53-->src\main\AndroidManifest.xml:15:447-496
54            <intent-filter>
54-->src\main\AndroidManifest.xml:16:7-19:23
55                <category android:name="android.intent.category.LAUNCHER" />
55-->src\main\AndroidManifest.xml:17:9-69
55-->src\main\AndroidManifest.xml:17:19-66
56
57                <action android:name="android.intent.action.MAIN" />
57-->src\main\AndroidManifest.xml:18:9-61
57-->src\main\AndroidManifest.xml:18:17-58
58            </intent-filter>
59
60            <meta-data
60-->src\main\AndroidManifest.xml:20:7-82
61                android:name="unityplayer.UnityActivity"
61-->src\main\AndroidManifest.xml:20:18-58
62                android:value="true" />
62-->src\main\AndroidManifest.xml:20:59-79
63            <meta-data
63-->src\main\AndroidManifest.xml:21:7-77
64                android:name="android.app.lib_name"
64-->src\main\AndroidManifest.xml:21:18-53
65                android:value="game" />
65-->src\main\AndroidManifest.xml:21:54-74
66            <meta-data
66-->src\main\AndroidManifest.xml:22:7-70
67                android:name="notch_support"
67-->src\main\AndroidManifest.xml:22:18-46
68                android:value="true" />
68-->src\main\AndroidManifest.xml:22:47-67
69        </activity>
70    </application>
71
72</manifest>